<?xml version="1.0" encoding="UTF-8"?>
<!-- Generated by org.testng.reporters.JUnitReportReporter -->
<testsuite hostname="LAPTOP-EP6OGHFF" name="WeblinkMethod.ExportTable" tests="1" failures="0" timestamp="19 Dec 2022 12:55:36 GMT" time="28.977" errors="0">
  <testcase name="launch" time="28.977" classname="WeblinkMethod.ExportTable"/>
</testsuite> <!-- WeblinkMethod.ExportTable -->
