<?xml version="1.0" encoding="UTF-8"?>
<!-- Generated by org.testng.reporters.JUnitReportReporter -->
<testsuite hostname="LAPTOP-EP6OGHFF" name="WeblinkMethod.Myself" tests="2" failures="0" timestamp="18 Dec 2022 16:45:01 GMT" time="3.273" errors="0">
  <testcase name="searchText" time="1.189" classname="WeblinkMethod.Myself"/>
  <testcase name="press" time="2.084" classname="WeblinkMethod.Myself"/>
</testsuite> <!-- WeblinkMethod.Myself -->
