<?xml version="1.0" encoding="UTF-8"?>
<!-- Generated by org.testng.reporters.JUnitReportReporter -->
<testsuite hostname="LAPTOP-EP6OGHFF" name="WeblinkMethod.NewTable" tests="1" failures="0" timestamp="21 Dec 2022 07:30:07 GMT" time="1.437" errors="0">
  <testcase name="sampleTest" time="1.437" classname="WeblinkMethod.NewTable"/>
</testsuite> <!-- WeblinkMethod.NewTable -->
